<?xml version="1.0" encoding="UTF-8"?>
<testsuite name="QRCodeApiTest" tests="1" skipped="0" failures="0" errors="0" timestamp="2024-02-18T13:50:38" hostname="WIN-PK97IO7J39D" time="5.089">
  <properties/>
  <testcase name="start" classname="QRCodeApiTest" time="5.089"/>
  <system-out><![CDATA[?[1;31m
Start test 1?[0m
?[0;34m
?[0m?[0;34m  .   ____          _            __ _ _
?[0m?[0;34m /\\ / ___'_ __ _ _(_)_ __  __ _ \ \ \ \
?[0m?[0;34m( ( )\___ | '_ | '_| | '_ \/ _` | \ \ \ \
?[0m?[0;34m \\/  ___)| |_)| | | | | || (_| |  ) ) ) )
?[0m?[0;34m  '  |____| .__|_| |_|_| |_\__, | / / / /
?[0m?[0;34m =========|_|==============|___/=/_/_/_/
?[0m?[0;34m :: Spring Boot ::                (v3.0.2)
?[0m?[0;34m
?[0m?[0;34m2024-02-18T18:50:39.113+05:00  INFO 6376 --- [    Test worker] qrcodeapi.Application                    : Starting Application using Java 17.0.5 with PID 6376 (started by User in D:\JetBrainsWork\QRCode Service\QRCode Service\task)
?[0m?[0;34m2024-02-18T18:50:39.121+05:00  INFO 6376 --- [    Test worker] qrcodeapi.Application                    : No active profile set, falling back to 1 default profile: "default"
?[0m?[0;34m2024-02-18T18:50:41.412+05:00  INFO 6376 --- [    Test worker] o.s.b.w.embedded.tomcat.TomcatWebServer  : Tomcat initialized with port(s): 8080 (http)
?[0m?[0;34m2024-02-18T18:50:41.429+05:00  INFO 6376 --- [    Test worker] o.apache.catalina.core.StandardService   : Starting service [Tomcat]
?[0m?[0;34m2024-02-18T18:50:41.430+05:00  INFO 6376 --- [    Test worker] o.apache.catalina.core.StandardEngine    : Starting Servlet engine: [Apache Tomcat/10.1.5]
?[0m?[0;34m2024-02-18T18:50:41.531+05:00  INFO 6376 --- [    Test worker] o.a.c.c.C.[Tomcat].[localhost].[/]       : Initializing Spring embedded WebApplicationContext
?[0m?[0;34m2024-02-18T18:50:41.535+05:00  INFO 6376 --- [    Test worker] w.s.c.ServletWebServerApplicationContext : Root WebApplicationContext: initialization completed in 2322 ms
?[0m?[0;34m2024-02-18T18:50:42.370+05:00  INFO 6376 --- [    Test worker] o.s.b.a.e.web.EndpointLinksResolver      : Exposing 1 endpoint(s) beneath base path '/actuator'
?[0m?[0;34m2024-02-18T18:50:42.457+05:00  INFO 6376 --- [    Test worker] o.s.b.w.embedded.tomcat.TomcatWebServer  : Tomcat started on port(s): 8080 (http) with context path ''
?[0m?[0;34m2024-02-18T18:50:42.485+05:00  INFO 6376 --- [    Test worker] qrcodeapi.Application                    : Started Application in 4.056 seconds (process running for 5.151)
?[0;34m2024-02-18T18:50:42.955+05:00  INFO 6376 --- [nio-8080-exec-1] o.a.c.c.C.[Tomcat].[localhost].[/]       : Initializing Spring DispatcherServlet 'dispatcherServlet'
?[0m?[0;34m2024-02-18T18:50:42.956+05:00  INFO 6376 --- [nio-8080-exec-1] o.s.web.servlet.DispatcherServlet        : Initializing Servlet 'dispatcherServlet'
?[0m?[0;34m2024-02-18T18:50:42.958+05:00  INFO 6376 --- [nio-8080-exec-1] o.s.web.servlet.DispatcherServlet        : Completed initialization in 2 ms
?[0m?[1;31m
Start test 2?[0m
]]></system-out>
  <system-err><![CDATA[]]></system-err>
</testsuite>
